<?xml version="1.0" encoding="UTF-8"?>
<testsuite xmlns:xsi="http://www.w3.org/2001/XMLSchema-instance" xsi:noNamespaceSchemaLocation="https://maven.apache.org/surefire/maven-surefire-plugin/xsd/surefire-test-report.xsd" version="3.0.2" name="com.example.enversdemo.service.ProductAuditIntegrationTest" time="7.182" tests="1" errors="0" skipped="0" failures="0" flakes="0">
  <properties>
[...]
</properties>
  <testcase name="descriptionChangesAreCapturedInAuditHistory" classname="com.example.enversdemo.service.ProductAuditIntegrationTest" time="0.843">
    <system-out><![CDATA[12:05:14.428 [main] INFO org.springframework.test.context.support.AnnotationConfigContextLoaderUtils -- Could not detect default configuration classes for test class [com.example.enversdemo.service.ProductAuditIntegrationTest]: ProductAuditIntegrationTest does not declare any static, non-private, non-final, nested classes annotated with @Configuration.
12:05:14.503 [main] INFO org.springframework.boot.test.context.SpringBootTestContextBootstrapper -- Found @SpringBootConfiguration com.example.enversdemo.EnversDemoApplication for test class com.example.enversdemo.service.ProductAuditIntegrationTest
12:05:14.557 [main] INFO org.springframework.test.context.support.AnnotationConfigContextLoaderUtils -- Could not detect default configuration classes for test class [com.example.enversdemo.service.ProductAuditIntegrationTest]: ProductAuditIntegrationTest does not declare any static, non-private, non-final, nested classes annotated with @Configuration.
12:05:14.559 [main] INFO org.springframework.boot.test.context.SpringBootTestContextBootstrapper -- Found @SpringBootConfiguration com.example.enversdemo.EnversDemoApplication for test class com.example.enversdemo.service.ProductAuditIntegrationTest
12:05:14.604 [main] INFO org.springframework.boot.devtools.restart.RestartApplicationListener -- Restart disabled due to context in which it is running

  .   ____          _            __ _ _
 /\\ / ___'_ __ _ _(_)_ __  __ _ \ \ \ \
( ( )\___ | '_ | '_| | '_ \/ _` | \ \ \ \
 \\/  ___)| |_)| | | | | || (_| |  ) ) ) )
  '  |____| .__|_| |_|_| |_\__, | / / / /
 =========|_|==============|___/=/_/_/_/

 :: Spring Boot ::                (v4.0.5)

2026-07-30T12:05:14.795-04:00  INFO 31548 --- [envers-demo] [           main] c.e.e.s.ProductAuditIntegrationTest      : Starting ProductAuditIntegrationTest using Java 17.0.17 with PID 31548 (started by laurent.morissette-f in C:\Users\laurent.morissette-f\Desktop\Code\envers-demo)
2026-07-30T12:05:14.796-04:00  INFO 31548 --- [envers-demo] [           main] c.e.e.s.ProductAuditIntegrationTest      : No active profile set, falling back to 1 default profile: "default"
2026-07-30T12:05:15.755-04:00  INFO 31548 --- [envers-demo] [           main] .s.d.r.c.RepositoryConfigurationDelegate : Bootstrapping Spring Data JPA repositories in DEFAULT mode.
2026-07-30T12:05:15.811-04:00  INFO 31548 --- [envers-demo] [           main] .s.d.r.c.RepositoryConfigurationDelegate : Finished Spring Data repository scanning in 46 ms. Found 1 JPA repository interface.
2026-07-30T12:05:16.407-04:00  INFO 31548 --- [envers-demo] [           main] org.hibernate.orm.jpa                    : HHH008540: Processing PersistenceUnitInfo [name: default]
2026-07-30T12:05:16.475-04:00  INFO 31548 --- [envers-demo] [           main] org.hibernate.orm.core                   : HHH000001: Hibernate ORM core version 7.4.1.Final
2026-07-30T12:05:16.700-04:00  INFO 31548 --- [envers-demo] [           main] o.h.e.boot.internal.EnversServiceImpl    : Envers integration enabled? : true
2026-07-30T12:05:16.860-04:00  INFO 31548 --- [envers-demo] [           main] o.s.o.j.p.SpringPersistenceUnitInfo      : No LoadTimeWeaver setup: ignoring JPA class transformer
2026-07-30T12:05:16.887-04:00  INFO 31548 --- [envers-demo] [           main] com.zaxxer.hikari.HikariDataSource       : HikariPool-1 - Starting...
2026-07-30T12:05:17.003-04:00  INFO 31548 --- [envers-demo] [           main] com.zaxxer.hikari.pool.HikariPool        : HikariPool-1 - Added connection conn0: url=jdbc:h2:mem:enversdemo user=SA
2026-07-30T12:05:17.004-04:00  INFO 31548 --- [envers-demo] [           main] com.zaxxer.hikari.HikariDataSource       : HikariPool-1 - Start completed.
2026-07-30T12:05:17.047-04:00  INFO 31548 --- [envers-demo] [           main] org.hibernate.orm.connections.pooling    : HHH10001005: Database info:
	Database JDBC URL [jdbc:h2:mem:enversdemo]
	Database driver: H2 JDBC Driver
	Database dialect: H2Dialect
	Database version: 2.4.240
	Default catalog/schema: ENVERSDEMO/PUBLIC
	Autocommit mode: undefined/unknown
	Isolation level: READ_COMMITTED [default READ_COMMITTED]
	JDBC fetch size: 100
	Pool: DataSourceConnectionProvider
	Minimum pool size: undefined/unknown
	Maximum pool size: undefined/unknown
2026-07-30T12:05:17.200-04:00 DEBUG 31548 --- [envers-demo] [           main] o.h.e.c.i.m.AuditMetadataGenerator       : Generating first-pass auditing mapping for entity com.example.enversdemo.entity.Product
2026-07-30T12:05:17.208-04:00  INFO 31548 --- [envers-demo] [           main] o.h.e.c.i.m.AuditMetadataGenerator       : Adding properties for entity: com.example.enversdemo.entity.Product
2026-07-30T12:05:17.210-04:00 DEBUG 31548 --- [envers-demo] [           main] o.h.e.c.i.m.AuditMetadataGenerator       : Generating second-pass auditing mapping for entity com.example.enversdemo.entity.Product
&amp#27;[35m[Hibernate]&amp#27;[0m 
    &amp#27;[34mcreate&amp#27;[0m &amp#27;[34mglobal&amp#27;[0m temporary &amp#27;[34mtable&amp#27;[0m HTE_revinfo(rev &amp#27;[34minteger&amp#27;[0m, rn_ &amp#27;[34minteger&amp#27;[0m &amp#27;[34mnot&amp#27;[0m &amp#27;[34mnull&amp#27;[0m, &amp#27;[34mtimestamp&amp#27;[0m &amp#27;[34mbigint&amp#27;[0m, username &amp#27;[34mvarchar&amp#27;[0m(255), &amp#27;[34mprimary&amp#27;[0m &amp#27;[34mkey&amp#27;[0m (rn_)) transactional
2026-07-30T12:05:18.061-04:00  INFO 31548 --- [envers-demo] [           main] org.hibernate.orm.core                   : HHH000489: No JTA platform available (set 'hibernate.transaction.jta.platform' to enable JTA platform integration)
&amp#27;[35m[Hibernate]&amp#27;[0m 
    &amp#27;[34mdrop&amp#27;[0m &amp#27;[34mtable&amp#27;[0m &amp#27;[34mif&amp#27;[0m &amp#27;[34mexists&amp#27;[0m product &amp#27;[34mcascade&amp#27;[0m 
&amp#27;[35m[Hibernate]&amp#27;[0m 
    &amp#27;[34mdrop&amp#27;[0m &amp#27;[34mtable&amp#27;[0m &amp#27;[34mif&amp#27;[0m &amp#27;[34mexists&amp#27;[0m product_aud &amp#27;[34mcascade&amp#27;[0m 
&amp#27;[35m[Hibernate]&amp#27;[0m 
    &amp#27;[34mdrop&amp#27;[0m &amp#27;[34mtable&amp#27;[0m &amp#27;[34mif&amp#27;[0m &amp#27;[34mexists&amp#27;[0m revinfo &amp#27;[34mcascade&amp#27;[0m 
&amp#27;[35m[Hibernate]&amp#27;[0m 
    &amp#27;[34mdrop&amp#27;[0m &amp#27;[34msequence&amp#27;[0m &amp#27;[34mif&amp#27;[0m &amp#27;[34mexists&amp#27;[0m revinfo_seq
&amp#27;[35m[Hibernate]&amp#27;[0m 
    &amp#27;[34mcreate&amp#27;[0m &amp#27;[34msequence&amp#27;[0m revinfo_seq &amp#27;[34mstart&amp#27;[0m &amp#27;[34mwith&amp#27;[0m 1 &amp#27;[34mincrement&amp#27;[0m &amp#27;[34mby&amp#27;[0m 50
&amp#27;[35m[Hibernate]&amp#27;[0m 
    &amp#27;[34mcreate&amp#27;[0m &amp#27;[34mtable&amp#27;[0m product (
        price &amp#27;[34mnumeric&amp#27;[0m(10,2) &amp#27;[34mnot&amp#27;[0m &amp#27;[34mnull&amp#27;[0m,
        quantity &amp#27;[34minteger&amp#27;[0m &amp#27;[34mnot&amp#27;[0m &amp#27;[34mnull&amp#27;[0m,
        id &amp#27;[34mbigint&amp#27;[0m generated &amp#27;[34mby&amp#27;[0m &amp#27;[34mdefault&amp#27;[0m &amp#27;[34mas&amp#27;[0m &amp#27;[34midentity&amp#27;[0m,
        last_viewed_at &amp#27;[34mtimestamp&amp#27;[0m(6) &amp#27;[34mwith&amp#27;[0m &amp#27;[34mtime&amp#27;[0m zone,
        description &amp#27;[34mvarchar&amp#27;[0m(500),
        name &amp#27;[34mvarchar&amp#27;[0m(255) &amp#27;[34mnot&amp#27;[0m &amp#27;[34mnull&amp#27;[0m,
        &amp#27;[34mprimary&amp#27;[0m &amp#27;[34mkey&amp#27;[0m (id)
    )
&amp#27;[35m[Hibernate]&amp#27;[0m 
    &amp#27;[34mcreate&amp#27;[0m &amp#27;[34mtable&amp#27;[0m product_aud (
        description_mod &amp#27;[34mboolean&amp#27;[0m,
        name_mod &amp#27;[34mboolean&amp#27;[0m,
        price &amp#27;[34mnumeric&amp#27;[0m(10,2),
        price_mod &amp#27;[34mboolean&amp#27;[0m,
        quantity &amp#27;[34minteger&amp#27;[0m,
        quantity_mod &amp#27;[34mboolean&amp#27;[0m,
        rev &amp#27;[34minteger&amp#27;[0m &amp#27;[34mnot&amp#27;[0m &amp#27;[34mnull&amp#27;[0m,
        revtype tinyint,
        id &amp#27;[34mbigint&amp#27;[0m &amp#27;[34mnot&amp#27;[0m &amp#27;[34mnull&amp#27;[0m,
        description &amp#27;[34mvarchar&amp#27;[0m(500),
        name &amp#27;[34mvarchar&amp#27;[0m(255),
        &amp#27;[34mprimary&amp#27;[0m &amp#27;[34mkey&amp#27;[0m (rev, id)
    )
&amp#27;[35m[Hibernate]&amp#27;[0m 
    &amp#27;[34mcreate&amp#27;[0m &amp#27;[34mtable&amp#27;[0m revinfo (
        rev &amp#27;[34minteger&amp#27;[0m &amp#27;[34mnot&amp#27;[0m &amp#27;[34mnull&amp#27;[0m,
        revtstmp &amp#27;[34mbigint&amp#27;[0m,
        username &amp#27;[34mvarchar&amp#27;[0m(255),
        &amp#27;[34mprimary&amp#27;[0m &amp#27;[34mkey&amp#27;[0m (rev)
    )
&amp#27;[35m[Hibernate]&amp#27;[0m 
    &amp#27;[34malter&amp#27;[0m &amp#27;[34mtable&amp#27;[0m &amp#27;[34mif&amp#27;[0m &amp#27;[34mexists&amp#27;[0m product_aud 
       &amp#27;[34madd&amp#27;[0m &amp#27;[34mconstraint&amp#27;[0m FK9vwllld6jlw5xys1ay911oh1x 
       &amp#27;[34mforeign&amp#27;[0m &amp#27;[34mkey&amp#27;[0m (rev) 
       &amp#27;[34mreferences&amp#27;[0m revinfo
2026-07-30T12:05:18.116-04:00  INFO 31548 --- [envers-demo] [           main] j.LocalContainerEntityManagerFactoryBean : Initialized JPA EntityManagerFactory for persistence unit 'default'
2026-07-30T12:05:18.203-04:00  INFO 31548 --- [envers-demo] [           main] o.s.d.j.r.query.QueryEnhancerFactories   : Hibernate is in classpath; If applicable, HQL parser will be used.
2026-07-30T12:05:18.556-04:00  WARN 31548 --- [envers-demo] [           main] JpaBaseConfiguration$JpaWebConfiguration : spring.jpa.open-in-view is enabled by default. Therefore, database queries may be performed during view rendering. Explicitly configure spring.jpa.open-in-view to disable this warning
2026-07-30T12:05:18.857-04:00  INFO 31548 --- [envers-demo] [           main] r$InitializeUserDetailsManagerConfigurer : Global AuthenticationManager configured with UserDetailsService bean with name userDetailsService
2026-07-30T12:05:19.228-04:00  INFO 31548 --- [envers-demo] [           main] o.s.b.w.a.WelcomePageHandlerMapping      : Adding welcome page: class path resource [static/index.html]
2026-07-30T12:05:20.242-04:00  INFO 31548 --- [envers-demo] [           main] o.s.b.h.a.H2ConsoleAutoConfiguration     : H2 console available at '/h2-console'. Database available at 'jdbc:h2:mem:enversdemo'
2026-07-30T12:05:20.344-04:00  INFO 31548 --- [envers-demo] [           main] o.s.b.a.e.web.EndpointLinksResolver      : Exposing 12 endpoints beneath base path '/actuator'
2026-07-30T12:05:20.409-04:00  INFO 31548 --- [envers-demo] [           main] c.e.e.s.ProductAuditIntegrationTest      : Started ProductAuditIntegrationTest in 5.811 seconds (process running for 6.666)
&amp#27;[35m[Hibernate]&amp#27;[0m 
    &amp#27;[34minsert&amp#27;[0m 
    &amp#27;[34minto&amp#27;[0m
        product
        (description, last_viewed_at, name, price, quantity, id) 
    &amp#27;[34mvalues&amp#27;[0m
        (?, ?, ?, ?, ?, &amp#27;[34mdefault&amp#27;[0m)
&amp#27;[35m[Hibernate]&amp#27;[0m 
    &amp#27;[34mselect&amp#27;[0m
        &amp#27;[34mnext&amp#27;[0m &amp#27;[34mvalue&amp#27;[0m 
    &amp#27;[34mfor&amp#27;[0m
        revinfo_seq
&amp#27;[35m[Hibernate]&amp#27;[0m 
    &amp#27;[34minsert&amp#27;[0m 
    &amp#27;[34minto&amp#27;[0m
        revinfo
        (revtstmp, username, rev) 
    &amp#27;[34mvalues&amp#27;[0m
        (?, ?, ?)
&amp#27;[35m[Hibernate]&amp#27;[0m 
    &amp#27;[34minsert&amp#27;[0m 
    &amp#27;[34minto&amp#27;[0m
        product_aud
        (revtype, description, description_mod, name, name_mod, price, price_mod, quantity, quantity_mod, rev, id) 
    &amp#27;[34mvalues&amp#27;[0m
        (?, ?, ?, ?, ?, ?, ?, ?, ?, ?, ?)
&amp#27;[35m[Hibernate]&amp#27;[0m 
    &amp#27;[34mselect&amp#27;[0m
        p1_0.id,
        p1_0.description,
        p1_0.last_viewed_at,
        p1_0.name,
        p1_0.price,
        p1_0.quantity 
    &amp#27;[34mfrom&amp#27;[0m
        product p1_0 
    &amp#27;[34mwhere&amp#27;[0m
        p1_0.id=?
&amp#27;[35m[Hibernate]&amp#27;[0m 
    &amp#27;[34mselect&amp#27;[0m
        p1_0.id,
        p1_0.description,
        p1_0.last_viewed_at,
        p1_0.name,
        p1_0.price,
        p1_0.quantity 
    &amp#27;[34mfrom&amp#27;[0m
        product p1_0 
    &amp#27;[34mwhere&amp#27;[0m
        p1_0.id=?
2026-07-30T12:05:20.626-04:00  WARN 31548 --- [envers-demo] [           main] o.s.core.events.SpringDocAppInitializer  : SpringDoc /v3/api-docs endpoint is enabled by default. To disable it in production, set the property 'springdoc.api-docs.enabled=false'
2026-07-30T12:05:20.626-04:00  WARN 31548 --- [envers-demo] [           main] o.s.core.events.SpringDocAppInitializer  : SpringDoc /swagger-ui.html endpoint is enabled by default. To disable it in production, set the property 'springdoc.swagger-ui.enabled=false'
&amp#27;[35m[Hibernate]&amp#27;[0m 
    &amp#27;[34minsert&amp#27;[0m 
    &amp#27;[34minto&amp#27;[0m
        product
        (description, last_viewed_at, name, price, quantity, id) 
    &amp#27;[34mvalues&amp#27;[0m
        (?, ?, ?, ?, ?, &amp#27;[34mdefault&amp#27;[0m)
&amp#27;[35m[Hibernate]&amp#27;[0m 
    &amp#27;[34mselect&amp#27;[0m
        &amp#27;[34mnext&amp#27;[0m &amp#27;[34mvalue&amp#27;[0m 
    &amp#27;[34mfor&amp#27;[0m
        revinfo_seq
&amp#27;[35m[Hibernate]&amp#27;[0m 
    &amp#27;[34minsert&amp#27;[0m 
    &amp#27;[34minto&amp#27;[0m
        revinfo
        (revtstmp, username, rev) 
    &amp#27;[34mvalues&amp#27;[0m
        (?, ?, ?)
&amp#27;[35m[Hibernate]&amp#27;[0m 
    &amp#27;[34minsert&amp#27;[0m 
    &amp#27;[34minto&amp#27;[0m
        product_aud
        (revtype, description, description_mod, name, name_mod, price, price_mod, quantity, quantity_mod, rev, id) 
    &amp#27;[34mvalues&amp#27;[0m
        (?, ?, ?, ?, ?, ?, ?, ?, ?, ?, ?)
&amp#27;[35m[Hibernate]&amp#27;[0m 
    &amp#27;[34mselect&amp#27;[0m
        p1_0.id,
        p1_0.description,
        p1_0.last_viewed_at,
        p1_0.name,
        p1_0.price,
        p1_0.quantity 
    &amp#27;[34mfrom&amp#27;[0m
        product p1_0 
    &amp#27;[34mwhere&amp#27;[0m
        p1_0.id=?
&amp#27;[35m[Hibernate]&amp#27;[0m 
    &amp#27;[34mupdate&amp#27;[0m
        product 
    &amp#27;[34mset&amp#27;[0m
        description=?,
        last_viewed_at=?,
        name=?,
        price=?,
        quantity=? 
    &amp#27;[34mwhere&amp#27;[0m
        id=?
&amp#27;[35m[Hibernate]&amp#27;[0m 
    &amp#27;[34minsert&amp#27;[0m 
    &amp#27;[34minto&amp#27;[0m
        revinfo
        (revtstmp, username, rev) 
    &amp#27;[34mvalues&amp#27;[0m
        (?, ?, ?)
&amp#27;[35m[Hibernate]&amp#27;[0m 
    &amp#27;[34minsert&amp#27;[0m 
    &amp#27;[34minto&amp#27;[0m
        product_aud
        (revtype, description, description_mod, name, name_mod, price, price_mod, quantity, quantity_mod, rev, id) 
    &amp#27;[34mvalues&amp#27;[0m
        (?, ?, ?, ?, ?, ?, ?, ?, ?, ?, ?)
&amp#27;[35m[Hibernate]&amp#27;[0m 
    &amp#27;[34mselect&amp#27;[0m
        pa1_0.rev,
        pa1_0.id,
        pa1_0.revtype,
        pa1_0.description,
        pa1_0.description_mod,
        pa1_0.name,
        pa1_0.name_mod,
        pa1_0.price,
        pa1_0.price_mod,
        pa1_0.quantity,
        pa1_0.quantity_mod,
        ari1_0.rev,
        ari1_0.revtstmp,
        ari1_0.username 
    &amp#27;[34mfrom&amp#27;[0m
        product_aud pa1_0,
        revinfo ari1_0 
    &amp#27;[34mwhere&amp#27;[0m
        pa1_0.id=? 
        &amp#27;[34mand&amp#27;[0m pa1_0.rev=ari1_0.rev 
    &amp#27;[34morder&amp#27;[0m &amp#27;[34mby&amp#27;[0m
        pa1_0.rev
2026-07-30T12:05:21.474-04:00 DEBUG 31548 --- [envers-demo] [           main] o.h.e.internal.reader.FirstLevelCache    : Caching entity on First Level Cache:  - primaryKey:2 - revision:2 - entityName:com.example.enversdemo.entity.Product
2026-07-30T12:05:21.474-04:00 DEBUG 31548 --- [envers-demo] [           main] o.h.e.internal.reader.FirstLevelCache    : Caching entityName on First Level Cache:  - primaryKey:2 - revision:2 - entity:com.example.enversdemo.entity.Product -> entityName:com.example.enversdemo.entity.Product
2026-07-30T12:05:21.474-04:00 DEBUG 31548 --- [envers-demo] [           main] o.h.e.internal.reader.FirstLevelCache    : Caching entity on First Level Cache:  - primaryKey:2 - revision:3 - entityName:com.example.enversdemo.entity.Product
2026-07-30T12:05:21.475-04:00 DEBUG 31548 --- [envers-demo] [           main] o.h.e.internal.reader.FirstLevelCache    : Caching entityName on First Level Cache:  - primaryKey:2 - revision:3 - entity:com.example.enversdemo.entity.Product -> entityName:com.example.enversdemo.entity.Product
]]></system-out>
  </testcase>
</testsuite>